Analysis & Synthesis report for g05_multi_mode_counter
Mon Apr 08 16:55:46 2019
Quartus Prime Version 16.1.0 Build 196 10/24/2016 SJ Lite Edition


---------------------
; Table of Contents ;
---------------------
  1. Legal Notice
  2. Analysis & Synthesis Summary
  3. Analysis & Synthesis Settings
  4. Parallel Compilation
  5. Analysis & Synthesis Source Files Read
  6. Analysis & Synthesis Resource Usage Summary
  7. Analysis & Synthesis Resource Utilization by Entity
  8. User-Specified and Inferred Latches
  9. General Register Statistics
 10. Inverted Register Statistics
 11. Multiplexer Restructuring Statistics (Restructuring Performed)
 12. Port Connectivity Checks: "g05_7_segment_decoder:g05_7_segment_decoder1"
 13. Post-Synthesis Netlist Statistics for Top Partition
 14. Elapsed Time Per Partition
 15. Analysis & Synthesis Messages



----------------
; Legal Notice ;
----------------
Copyright (C) 2016  Intel Corporation. All rights reserved.
Your use of Intel Corporation's design tools, logic functions 
and other software and tools, and its AMPP partner logic 
functions, and any output files from any of the foregoing 
(including device programming or simulation files), and any 
associated documentation or information are expressly subject 
to the terms and conditions of the Intel Program License 
Subscription Agreement, the Intel Quartus Prime License Agreement,
the Intel MegaCore Function License Agreement, or other 
applicable license agreement, including, without limitation, 
that your use is for the sole purpose of programming logic 
devices manufactured by Intel and sold by Intel or its 
authorized distributors.  Please refer to the applicable 
agreement for further details.



+-------------------------------------------------------------------------------+
; Analysis & Synthesis Summary                                                  ;
+---------------------------------+---------------------------------------------+
; Analysis & Synthesis Status     ; Successful - Mon Apr 08 16:55:46 2019       ;
; Quartus Prime Version           ; 16.1.0 Build 196 10/24/2016 SJ Lite Edition ;
; Revision Name                   ; g05_multi_mode_counter                      ;
; Top-level Entity Name           ; g05_multi_mode_counter                      ;
; Family                          ; Cyclone V                                   ;
; Logic utilization (in ALMs)     ; N/A                                         ;
; Total registers                 ; 31                                          ;
; Total pins                      ; 19                                          ;
; Total virtual pins              ; 0                                           ;
; Total block memory bits         ; 0                                           ;
; Total DSP Blocks                ; 0                                           ;
; Total HSSI RX PCSs              ; 0                                           ;
; Total HSSI PMA RX Deserializers ; 0                                           ;
; Total HSSI TX PCSs              ; 0                                           ;
; Total HSSI PMA TX Serializers   ; 0                                           ;
; Total PLLs                      ; 0                                           ;
; Total DLLs                      ; 0                                           ;
+---------------------------------+---------------------------------------------+


+-----------------------------------------------------------------------------------------------------------------------------------+
; Analysis & Synthesis Settings                                                                                                     ;
+---------------------------------------------------------------------------------+------------------------+------------------------+
; Option                                                                          ; Setting                ; Default Value          ;
+---------------------------------------------------------------------------------+------------------------+------------------------+
; Device                                                                          ; 5CSEMA5F31C6           ;                        ;
; Top-level entity name                                                           ; g05_multi_mode_counter ; g05_multi_mode_counter ;
; Family name                                                                     ; Cyclone V              ; Cyclone V              ;
; Use smart compilation                                                           ; Off                    ; Off                    ;
; Enable parallel Assembler and TimeQuest Timing Analyzer during compilation      ; On                     ; On                     ;
; Enable compact report table                                                     ; Off                    ; Off                    ;
; Restructure Multiplexers                                                        ; Auto                   ; Auto                   ;
; MLAB Add Timing Constraints For Mixed-Port Feed-Through Mode Setting Don't Care ; Off                    ; Off                    ;
; Create Debugging Nodes for IP Cores                                             ; Off                    ; Off                    ;
; Preserve fewer node names                                                       ; On                     ; On                     ;
; OpenCore Plus hardware evaluation                                               ; Enable                 ; Enable                 ;
; Verilog Version                                                                 ; Verilog_2001           ; Verilog_2001           ;
; VHDL Version                                                                    ; VHDL_1993              ; VHDL_1993              ;
; State Machine Processing                                                        ; Auto                   ; Auto                   ;
; Safe State Machine                                                              ; Off                    ; Off                    ;
; Extract Verilog State Machines                                                  ; On                     ; On                     ;
; Extract VHDL State Machines                                                     ; On                     ; On                     ;
; Ignore Verilog initial constructs                                               ; Off                    ; Off                    ;
; Iteration limit for constant Verilog loops                                      ; 5000                   ; 5000                   ;
; Iteration limit for non-constant Verilog loops                                  ; 250                    ; 250                    ;
; Add Pass-Through Logic to Inferred RAMs                                         ; On                     ; On                     ;
; Infer RAMs from Raw Logic                                                       ; On                     ; On                     ;
; Parallel Synthesis                                                              ; On                     ; On                     ;
; DSP Block Balancing                                                             ; Auto                   ; Auto                   ;
; NOT Gate Push-Back                                                              ; On                     ; On                     ;
; Power-Up Don't Care                                                             ; On                     ; On                     ;
; Remove Redundant Logic Cells                                                    ; Off                    ; Off                    ;
; Remove Duplicate Registers                                                      ; On                     ; On                     ;
; Ignore CARRY Buffers                                                            ; Off                    ; Off                    ;
; Ignore CASCADE Buffers                                                          ; Off                    ; Off                    ;
; Ignore GLOBAL Buffers                                                           ; Off                    ; Off                    ;
; Ignore ROW GLOBAL Buffers                                                       ; Off                    ; Off                    ;
; Ignore LCELL Buffers                                                            ; Off                    ; Off                    ;
; Ignore SOFT Buffers                                                             ; On                     ; On                     ;
; Limit AHDL Integers to 32 Bits                                                  ; Off                    ; Off                    ;
; Optimization Technique                                                          ; Balanced               ; Balanced               ;
; Carry Chain Length                                                              ; 70                     ; 70                     ;
; Auto Carry Chains                                                               ; On                     ; On                     ;
; Auto Open-Drain Pins                                                            ; On                     ; On                     ;
; Perform WYSIWYG Primitive Resynthesis                                           ; Off                    ; Off                    ;
; Auto ROM Replacement                                                            ; On                     ; On                     ;
; Auto RAM Replacement                                                            ; On                     ; On                     ;
; Auto DSP Block Replacement                                                      ; On                     ; On                     ;
; Auto Shift Register Replacement                                                 ; Auto                   ; Auto                   ;
; Allow Shift Register Merging across Hierarchies                                 ; Auto                   ; Auto                   ;
; Auto Clock Enable Replacement                                                   ; On                     ; On                     ;
; Strict RAM Replacement                                                          ; Off                    ; Off                    ;
; Allow Synchronous Control Signals                                               ; On                     ; On                     ;
; Force Use of Synchronous Clear Signals                                          ; Off                    ; Off                    ;
; Auto Resource Sharing                                                           ; Off                    ; Off                    ;
; Allow Any RAM Size For Recognition                                              ; Off                    ; Off                    ;
; Allow Any ROM Size For Recognition                                              ; Off                    ; Off                    ;
; Allow Any Shift Register Size For Recognition                                   ; Off                    ; Off                    ;
; Use LogicLock Constraints during Resource Balancing                             ; On                     ; On                     ;
; Ignore translate_off and synthesis_off directives                               ; Off                    ; Off                    ;
; Timing-Driven Synthesis                                                         ; On                     ; On                     ;
; Report Parameter Settings                                                       ; On                     ; On                     ;
; Report Source Assignments                                                       ; On                     ; On                     ;
; Report Connectivity Checks                                                      ; On                     ; On                     ;
; Ignore Maximum Fan-Out Assignments                                              ; Off                    ; Off                    ;
; Synchronization Register Chain Length                                           ; 3                      ; 3                      ;
; PowerPlay Power Optimization During Synthesis                                   ; Normal compilation     ; Normal compilation     ;
; HDL message level                                                               ; Level2                 ; Level2                 ;
; Suppress Register Optimization Related Messages                                 ; Off                    ; Off                    ;
; Number of Removed Registers Reported in Synthesis Report                        ; 5000                   ; 5000                   ;
; Number of Swept Nodes Reported in Synthesis Report                              ; 5000                   ; 5000                   ;
; Number of Inverted Registers Reported in Synthesis Report                       ; 100                    ; 100                    ;
; Clock MUX Protection                                                            ; On                     ; On                     ;
; Auto Gated Clock Conversion                                                     ; Off                    ; Off                    ;
; Block Design Naming                                                             ; Auto                   ; Auto                   ;
; SDC constraint protection                                                       ; Off                    ; Off                    ;
; Synthesis Effort                                                                ; Auto                   ; Auto                   ;
; Shift Register Replacement - Allow Asynchronous Clear Signal                    ; On                     ; On                     ;
; Pre-Mapping Resynthesis Optimization                                            ; Off                    ; Off                    ;
; Analysis & Synthesis Message Level                                              ; Medium                 ; Medium                 ;
; Disable Register Merging Across Hierarchies                                     ; Auto                   ; Auto                   ;
; Resource Aware Inference For Block RAM                                          ; On                     ; On                     ;
; Automatic Parallel Synthesis                                                    ; On                     ; On                     ;
; Partial Reconfiguration Bitstream ID                                            ; Off                    ; Off                    ;
+---------------------------------------------------------------------------------+------------------------+------------------------+


+------------------------------------------+
; Parallel Compilation                     ;
+----------------------------+-------------+
; Processors                 ; Number      ;
+----------------------------+-------------+
; Number detected on machine ; 8           ;
; Maximum allowed            ; 4           ;
;                            ;             ;
; Average used               ; 1.00        ;
; Maximum used               ; 4           ;
;                            ;             ;
; Usage by Processor         ; % Time Used ;
;     Processor 1            ; 100.0%      ;
;     Processor 2            ;   0.0%      ;
;     Processors 3-4         ;   0.0%      ;
+----------------------------+-------------+


+-------------------------------------------------------------------------------------------------------------------------+
; Analysis & Synthesis Source Files Read                                                                                  ;
+----------------------------------+-----------------+-----------------+----------------------------------------+---------+
; File Name with User-Entered Path ; Used in Netlist ; File Type       ; File Name with Absolute Path           ; Library ;
+----------------------------------+-----------------+-----------------+----------------------------------------+---------+
; g05_FSM.vhd                      ; yes             ; User VHDL File  ; P:/g05_lab3/g05_FSM.vhd                ;         ;
; g05_multi_mode_counter.vhd       ; yes             ; User VHDL File  ; P:/g05_lab3/g05_multi_mode_counter.vhd ;         ;
; g05_7_segment_decoder.vhd        ; yes             ; User VHDL File  ; P:/g05_lab3/g05_7_segment_decoder.vhd  ;         ;
; g05_clock_divider.vhd            ; yes             ; User VHDL File  ; P:/g05_lab3/g05_clock_divider.vhd      ;         ;
; bcd_converter.vhd                ; yes             ; User VHDL File  ; P:/g05_lab3/bcd_converter.vhd          ;         ;
+----------------------------------+-----------------+-----------------+----------------------------------------+---------+


+-----------------------------------------------------------+
; Analysis & Synthesis Resource Usage Summary               ;
+---------------------------------------------+-------------+
; Resource                                    ; Usage       ;
+---------------------------------------------+-------------+
; Estimate of Logic utilization (ALMs needed) ; 40          ;
;                                             ;             ;
; Combinational ALUT usage for logic          ; 72          ;
;     -- 7 input functions                    ; 0           ;
;     -- 6 input functions                    ; 8           ;
;     -- 5 input functions                    ; 2           ;
;     -- 4 input functions                    ; 14          ;
;     -- <=3 input functions                  ; 48          ;
;                                             ;             ;
; Dedicated logic registers                   ; 31          ;
;                                             ;             ;
; I/O pins                                    ; 19          ;
;                                             ;             ;
; Total DSP Blocks                            ; 0           ;
;                                             ;             ;
; Maximum fan-out node                        ; reset~input ;
; Maximum fan-out                             ; 35          ;
; Total fan-out                               ; 355         ;
; Average fan-out                             ; 2.52        ;
+---------------------------------------------+-------------+


+---------------------------------------------------------------------------------------------------------------------------------------------------------------------------------------------------------------------------------------------------------------------------+
; Analysis & Synthesis Resource Utilization by Entity                                                                                                                                                                                                                       ;
+---------------------------------------------------+---------------------+---------------------------+-------------------+------------+------+--------------+----------------------------------------------------------------------+------------------------+--------------+
; Compilation Hierarchy Node                        ; Combinational ALUTs ; Dedicated Logic Registers ; Block Memory Bits ; DSP Blocks ; Pins ; Virtual Pins ; Full Hierarchy Name                                                  ; Entity Name            ; Library Name ;
+---------------------------------------------------+---------------------+---------------------------+-------------------+------------+------+--------------+----------------------------------------------------------------------+------------------------+--------------+
; |g05_multi_mode_counter                           ; 72 (1)              ; 31 (0)                    ; 0                 ; 0          ; 19   ; 0            ; |g05_multi_mode_counter                                              ; g05_multi_mode_counter ; work         ;
;    |bcd_converter:bcd_convert|                    ; 1 (1)               ; 0 (0)                     ; 0                 ; 0          ; 0    ; 0            ; |g05_multi_mode_counter|bcd_converter:bcd_convert                    ; bcd_converter          ; work         ;
;    |g05_7_segment_decoder:g05_7_segment_decoder0| ; 7 (7)               ; 0 (0)                     ; 0                 ; 0          ; 0    ; 0            ; |g05_multi_mode_counter|g05_7_segment_decoder:g05_7_segment_decoder0 ; g05_7_segment_decoder  ; work         ;
;    |g05_FSM:fsm|                                  ; 12 (12)             ; 4 (4)                     ; 0                 ; 0          ; 0    ; 0            ; |g05_multi_mode_counter|g05_FSM:fsm                                  ; g05_FSM                ; work         ;
;    |g05_clock_divider:clock_divider|              ; 51 (51)             ; 27 (27)                   ; 0                 ; 0          ; 0    ; 0            ; |g05_multi_mode_counter|g05_clock_divider:clock_divider              ; g05_clock_divider      ; work         ;
+---------------------------------------------------+---------------------+---------------------------+-------------------+------------+------+--------------+----------------------------------------------------------------------+------------------------+--------------+
Note: For table entries with two numbers listed, the numbers in parentheses indicate the number of resources of the given type used by the specific entity alone. The numbers listed outside of parentheses indicate the total resources of the given type used by the specific entity and all of its sub-entities in the hierarchy.


+---------------------------------------------------------------------------------------------------+
; User-Specified and Inferred Latches                                                               ;
+----------------------------------------------------+---------------------+------------------------+
; Latch Name                                         ; Latch Enable Signal ; Free of Timing Hazards ;
+----------------------------------------------------+---------------------+------------------------+
; enable                                             ; GND                 ; yes                    ;
; Number of user-specified and inferred latches = 1  ;                     ;                        ;
+----------------------------------------------------+---------------------+------------------------+
Note: All latches listed above may not be present at the end of synthesis due to various synthesis optimizations.


+------------------------------------------------------+
; General Register Statistics                          ;
+----------------------------------------------+-------+
; Statistic                                    ; Value ;
+----------------------------------------------+-------+
; Total registers                              ; 31    ;
; Number of registers using Synchronous Clear  ; 8     ;
; Number of registers using Synchronous Load   ; 0     ;
; Number of registers using Asynchronous Clear ; 31    ;
; Number of registers using Asynchronous Load  ; 0     ;
; Number of registers using Clock Enable       ; 30    ;
; Number of registers using Preset             ; 0     ;
+----------------------------------------------+-------+


+-----------------------------------------------------+
; Inverted Register Statistics                        ;
+-------------------------------------------+---------+
; Inverted Register                         ; Fan out ;
+-------------------------------------------+---------+
; g05_clock_divider:clock_divider|count[5]  ; 2       ;
; g05_clock_divider:clock_divider|count[4]  ; 2       ;
; g05_clock_divider:clock_divider|count[3]  ; 2       ;
; g05_clock_divider:clock_divider|count[2]  ; 2       ;
; g05_clock_divider:clock_divider|count[1]  ; 2       ;
; g05_clock_divider:clock_divider|count[0]  ; 2       ;
; g05_clock_divider:clock_divider|count[25] ; 2       ;
; g05_clock_divider:clock_divider|count[23] ; 2       ;
; g05_clock_divider:clock_divider|count[22] ; 2       ;
; g05_clock_divider:clock_divider|count[21] ; 2       ;
; g05_clock_divider:clock_divider|count[20] ; 2       ;
; g05_clock_divider:clock_divider|count[19] ; 2       ;
; g05_clock_divider:clock_divider|count[17] ; 2       ;
; g05_clock_divider:clock_divider|count[15] ; 2       ;
; g05_clock_divider:clock_divider|count[14] ; 2       ;
; g05_clock_divider:clock_divider|count[13] ; 2       ;
; g05_clock_divider:clock_divider|count[12] ; 2       ;
; g05_clock_divider:clock_divider|count[6]  ; 2       ;
; Total number of inverted registers = 18   ;         ;
+-------------------------------------------+---------+


+---------------------------------------------------------------------------------------------------------------------------------------------------------------------------------+
; Multiplexer Restructuring Statistics (Restructuring Performed)                                                                                                                  ;
+--------------------+-----------+---------------+----------------------+------------------------+------------+-------------------------------------------------------------------+
; Multiplexer Inputs ; Bus Width ; Baseline Area ; Area if Restructured ; Saving if Restructured ; Registered ; Example Multiplexer Output                                        ;
+--------------------+-----------+---------------+----------------------+------------------------+------------+-------------------------------------------------------------------+
; 3:1                ; 8 bits    ; 16 LEs        ; 0 LEs                ; 16 LEs                 ; Yes        ; |g05_multi_mode_counter|g05_clock_divider:clock_divider|count[16] ;
; 3:1                ; 18 bits   ; 36 LEs        ; 18 LEs               ; 18 LEs                 ; Yes        ; |g05_multi_mode_counter|g05_clock_divider:clock_divider|count[17] ;
+--------------------+-----------+---------------+----------------------+------------------------+------------+-------------------------------------------------------------------+


+--------------------------------------------------------------------------+
; Port Connectivity Checks: "g05_7_segment_decoder:g05_7_segment_decoder1" ;
+------------+-------+----------+------------------------------------------+
; Port       ; Type  ; Severity ; Details                                  ;
+------------+-------+----------+------------------------------------------+
; code[3..1] ; Input ; Info     ; Stuck at GND                             ;
+------------+-------+----------+------------------------------------------+


+-----------------------------------------------------+
; Post-Synthesis Netlist Statistics for Top Partition ;
+-----------------------+-----------------------------+
; Type                  ; Count                       ;
+-----------------------+-----------------------------+
; arriav_ff             ; 31                          ;
;     CLR               ; 1                           ;
;     ENA CLR           ; 22                          ;
;     ENA CLR SCLR      ; 8                           ;
; arriav_lcell_comb     ; 75                          ;
;     arith             ; 26                          ;
;         1 data inputs ; 26                          ;
;     normal            ; 49                          ;
;         0 data inputs ; 2                           ;
;         1 data inputs ; 19                          ;
;         2 data inputs ; 1                           ;
;         3 data inputs ; 3                           ;
;         4 data inputs ; 14                          ;
;         5 data inputs ; 2                           ;
;         6 data inputs ; 8                           ;
; boundary_port         ; 19                          ;
;                       ;                             ;
; Max LUT depth         ; 4.50                        ;
; Average LUT depth     ; 3.07                        ;
+-----------------------+-----------------------------+


+-------------------------------+
; Elapsed Time Per Partition    ;
+----------------+--------------+
; Partition Name ; Elapsed Time ;
+----------------+--------------+
; Top            ; 00:00:00     ;
+----------------+--------------+


+-------------------------------+
; Analysis & Synthesis Messages ;
+-------------------------------+
Info: *******************************************************************
Info: Running Quartus Prime Analysis & Synthesis
    Info: Version 16.1.0 Build 196 10/24/2016 SJ Lite Edition
    Info: Processing started: Mon Apr 08 16:55:34 2019
Info: Command: quartus_map --read_settings_files=on --write_settings_files=off g05_lab3 -c g05_multi_mode_counter
Warning (18236): Number of processors has not been specified which may cause overloading on shared machines.  Set the global assignment NUM_PARALLEL_PROCESSORS in your QSF to an appropriate value for best performance.
Info (20030): Parallel compilation is enabled and will use 4 of the 4 processors detected
Info (12021): Found 2 design units, including 1 entities, in source file g05_fsm.vhd
    Info (12022): Found design unit 1: g05_FSM-a0 File: P:/g05_lab3/g05_FSM.vhd Line: 12
    Info (12023): Found entity 1: g05_FSM File: P:/g05_lab3/g05_FSM.vhd Line: 4
Info (12021): Found 2 design units, including 1 entities, in source file g05_multi_mode_counter.vhd
    Info (12022): Found design unit 1: g05_multi_mode_counter-a0 File: P:/g05_lab3/g05_multi_mode_counter.vhd Line: 16
    Info (12023): Found entity 1: g05_multi_mode_counter File: P:/g05_lab3/g05_multi_mode_counter.vhd Line: 4
Info (12021): Found 6 design units, including 3 entities, in source file g05_7_segment_decoder.vhd
    Info (12022): Found design unit 1: g05_7_segment_decoder-a0 File: P:/g05_lab3/g05_7_segment_decoder.vhd Line: 14
    Info (12022): Found design unit 2: full_add-a0 File: P:/g05_lab3/g05_7_segment_decoder.vhd Line: 49
    Info (12022): Found design unit 3: g05_adder-a0 File: P:/g05_lab3/g05_7_segment_decoder.vhd Line: 70
    Info (12023): Found entity 1: g05_7_segment_decoder File: P:/g05_lab3/g05_7_segment_decoder.vhd Line: 6
    Info (12023): Found entity 2: full_add File: P:/g05_lab3/g05_7_segment_decoder.vhd Line: 43
    Info (12023): Found entity 3: g05_adder File: P:/g05_lab3/g05_7_segment_decoder.vhd Line: 62
Info (12021): Found 2 design units, including 1 entities, in source file g05_clock_divider.vhd
    Info (12022): Found design unit 1: g05_clock_divider-a0 File: P:/g05_lab3/g05_clock_divider.vhd Line: 12
    Info (12023): Found entity 1: g05_clock_divider File: P:/g05_lab3/g05_clock_divider.vhd Line: 4
Info (12021): Found 2 design units, including 1 entities, in source file bcd_converter.vhd
    Info (12022): Found design unit 1: bcd_converter-a0 File: P:/g05_lab3/bcd_converter.vhd Line: 12
    Info (12023): Found entity 1: bcd_converter File: P:/g05_lab3/bcd_converter.vhd Line: 5
Info (12127): Elaborating entity "g05_multi_mode_counter" for the top level hierarchy
Warning (10631): VHDL Process Statement warning at g05_multi_mode_counter.vhd(62): inferring latch(es) for signal or variable "enable", which holds its previous value in one or more paths through the process File: P:/g05_lab3/g05_multi_mode_counter.vhd Line: 62
Info (10041): Inferred latch for "enable" at g05_multi_mode_counter.vhd(62) File: P:/g05_lab3/g05_multi_mode_counter.vhd Line: 62
Info (12128): Elaborating entity "g05_clock_divider" for hierarchy "g05_clock_divider:clock_divider" File: P:/g05_lab3/g05_multi_mode_counter.vhd Line: 50
Info (12128): Elaborating entity "g05_FSM" for hierarchy "g05_FSM:fsm" File: P:/g05_lab3/g05_multi_mode_counter.vhd Line: 52
Warning (10492): VHDL Process Statement warning at g05_FSM.vhd(19): signal "direction" is read inside the Process Statement but isn't in the Process Statement's sensitivity list File: P:/g05_lab3/g05_FSM.vhd Line: 19
Info (12128): Elaborating entity "bcd_converter" for hierarchy "bcd_converter:bcd_convert" File: P:/g05_lab3/g05_multi_mode_counter.vhd Line: 56
Info (12128): Elaborating entity "g05_7_segment_decoder" for hierarchy "g05_7_segment_decoder:g05_7_segment_decoder0" File: P:/g05_lab3/g05_multi_mode_counter.vhd Line: 58
Warning (13004): Presettable and clearable registers converted to equivalent circuits with latches. Registers power-up to an undefined state, and DEVCLRn places the registers in an undefined state.
    Warning (13310): Register "g05_FSM:fsm|intcount[3]" is converted into an equivalent circuit using register "g05_FSM:fsm|intcount[3]~_emulated" and latch "g05_FSM:fsm|intcount[3]~1" File: P:/g05_lab3/g05_FSM.vhd Line: 18
    Warning (13310): Register "g05_FSM:fsm|intcount[2]" is converted into an equivalent circuit using register "g05_FSM:fsm|intcount[2]~_emulated" and latch "g05_FSM:fsm|intcount[3]~1" File: P:/g05_lab3/g05_FSM.vhd Line: 18
    Warning (13310): Register "g05_FSM:fsm|intcount[1]" is converted into an equivalent circuit using register "g05_FSM:fsm|intcount[1]~_emulated" and latch "g05_FSM:fsm|intcount[3]~1" File: P:/g05_lab3/g05_FSM.vhd Line: 18
Warning (13024): Output pins are stuck at VCC or GND
    Warning (13410): Pin "HEX1[1]" is stuck at GND File: P:/g05_lab3/g05_multi_mode_counter.vhd Line: 11
    Warning (13410): Pin "HEX1[2]" is stuck at GND File: P:/g05_lab3/g05_multi_mode_counter.vhd Line: 11
    Warning (13410): Pin "HEX1[6]" is stuck at VCC File: P:/g05_lab3/g05_multi_mode_counter.vhd Line: 11
Info (286030): Timing-Driven Synthesis is running
Info (16010): Generating hard_block partition "hard_block:auto_generated_inst"
    Info (16011): Adding 0 node(s), including 0 DDIO, 0 PLL, 0 transceiver and 0 LCELL
Info (21057): Implemented 92 device resources after synthesis - the final resource count might be different
    Info (21058): Implemented 5 input pins
    Info (21059): Implemented 14 output pins
    Info (21061): Implemented 73 logic cells
Info: Quartus Prime Analysis & Synthesis was successful. 0 errors, 11 warnings
    Info: Peak virtual memory: 4887 megabytes
    Info: Processing ended: Mon Apr 08 16:55:46 2019
    Info: Elapsed time: 00:00:12
    Info: Total CPU time (on all processors): 00:00:22


